<?xml version="1.0" encoding="UTF-8"?>
<!-- Generated by org.testng.reporters.JUnitReportReporter -->
<testsuite hostname="NahirJamal" failures="0" tests="12" name="Pages.EditOrder_In_Yashry" time="308.343" errors="0" timestamp="2022-05-24T13:27:07 EET" skipped="0">
  <testcase classname="Pages.EditOrder_In_Yashry" name="ValidData_With_Insert_Zero_In_OrderShipping" time="24.741"/>
  <system-out/>
  <testcase classname="Pages.EditOrder_In_Yashry" name="ValidData_WithInsert_OrderDiscount_GreaterThan_OrderTotal" time="29.822"/>
  <system-out/>
  <testcase classname="Pages.EditOrder_In_Yashry" name="ValidData_Without_InsertData_In_OrderDiscount" time="26.897"/>
  <system-out/>
  <testcase classname="Pages.EditOrder_In_Yashry" name="ValidData_With_Insert_Zero_In_OrderDiscount" time="24.929"/>
  <system-out/>
  <testcase classname="Pages.EditOrder_In_Yashry" name="ValidData_WithInsert_NegativeNumber_In_OrderDiscount" time="30.608"/>
  <system-out/>
  <testcase classname="Pages.EditOrder_In_Yashry" name="ValidData_WithInsert_NegativeNumber_In_OrderTotal" time="26.704"/>
  <system-out/>
  <testcase classname="Pages.EditOrder_In_Yashry" name="ValidData_Without_InsertData_In_OrderShipping" time="26.988"/>
  <system-out/>
  <testcase classname="Pages.EditOrder_In_Yashry" name="ValidData_WithInsert_OrderShipping_GreaterThan_OrderTotal" time="25.610"/>
  <system-out/>
  <testcase classname="Pages.EditOrder_In_Yashry" name="ValidData_Without_InsertData_In_OrderTotal" time="26.213"/>
  <system-out/>
  <testcase classname="Pages.EditOrder_In_Yashry" name="CheckThat_someFields_Disabled" time="13.754"/>
  <system-out/>
  <testcase classname="Pages.EditOrder_In_Yashry" name="ValidData_WithInsert_NegativeNumber_In_OrderShipping" time="23.726"/>
  <system-out/>
  <testcase classname="Pages.EditOrder_In_Yashry" name="ValidData_With_Insert_Zero_In_OrderTotal" time="28.351"/>
  <system-out/>
</testsuite> <!-- Pages.EditOrder_In_Yashry -->
