<?xml version="1.0" encoding="UTF-8"?>
<!-- Generated by org.testng.reporters.JUnitReportReporter -->
<testsuite hostname="NahirJamal" failures="0" tests="28" name="Pages.EditOrder_In_TFK" time="576.730" errors="0" timestamp="2022-05-24T13:27:07 EET" skipped="0">
  <testcase classname="Pages.EditOrder_In_TFK" name="ValidData_WithInsert_NegativeNumber_In_OrderShipping" time="13.504"/>
  <system-out/>
  <testcase classname="Pages.EditOrder_In_TFK" name="ValidData_Without_InsertData_In_OrderTotal" time="20.991"/>
  <system-out/>
  <testcase classname="Pages.EditOrder_In_TFK" name="ValidData_WithInsert_OrderCommission_GreaterThan_OrderNet" time="25.518"/>
  <system-out/>
  <testcase classname="Pages.EditOrder_In_TFK" name="ValidData_WithInsert_OrderShipping_GreaterThan_OrderNet" time="26.414"/>
  <system-out/>
  <testcase classname="Pages.EditOrder_In_TFK" name="ValidData_Without_insertDataIN_OrderNet" time="15.648"/>
  <system-out/>
  <testcase classname="Pages.EditOrder_In_TFK" name="ValidData_With_Insert_Zero_In_OrderTotal" time="25.799"/>
  <system-out/>
  <testcase classname="Pages.EditOrder_In_TFK" name="ValidData_WithInsert_Zero_In_OrderDiscount" time="26.037"/>
  <system-out/>
  <testcase classname="Pages.EditOrder_In_TFK" name="ValidData_WithInsert_OrderDiscount_GreaterThan_OrderTotal" time="24.147"/>
  <system-out/>
  <testcase classname="Pages.EditOrder_In_TFK" name="ValidData_WithInsert_OrderTax_GreaterThan_OrderTotal" time="22.927"/>
  <system-out/>
  <testcase classname="Pages.EditOrder_In_TFK" name="ValidData_Without_insertDataIN_OrderCommission" time="13.425"/>
  <system-out/>
  <testcase classname="Pages.EditOrder_In_TFK" name="ValidData_WithInsert_OrderNet_GreaterThan_OrderTotal" time="24.300"/>
  <system-out/>
  <testcase classname="Pages.EditOrder_In_TFK" name="ValidData_WithInsert_OrderCommission_GreaterThan_OrderTotal" time="25.265"/>
  <system-out/>
  <testcase classname="Pages.EditOrder_In_TFK" name="ValidData_Without_insertDataIN_OrderDiscount" time="13.092"/>
  <system-out/>
  <testcase classname="Pages.EditOrder_In_TFK" name="ValidData_Without_insertDataIN_OrderShipping" time="16.654"/>
  <system-out/>
  <testcase classname="Pages.EditOrder_In_TFK" name="ValidData_WithInsert_Zero_In_OrderCommission" time="22.811"/>
  <system-out/>
  <testcase classname="Pages.EditOrder_In_TFK" name="ValidData_WithInsert_OrderTax_GreaterThan_OrderNet" time="27.130"/>
  <system-out/>
  <testcase classname="Pages.EditOrder_In_TFK" name="ValidData_WithInsert_NegativeNumber_In_OrderNet" time="12.967"/>
  <system-out/>
  <testcase classname="Pages.EditOrder_In_TFK" name="ValidData_WithInsert_OrderDiscount_GreaterThan_OrderNet" time="26.621"/>
  <system-out/>
  <testcase classname="Pages.EditOrder_In_TFK" name="ValidData_WithInsert_OrderShipping_GreaterThan_OrderTotal" time="22.048"/>
  <system-out/>
  <testcase classname="Pages.EditOrder_In_TFK" name="ValidData_WithInsert_NegativeNumber_In_OrderTax" time="17.508"/>
  <system-out/>
  <testcase classname="Pages.EditOrder_In_TFK" name="ValidData_WithInsert_NegativeNumber_In_OrderDiscount" time="15.050"/>
  <system-out/>
  <testcase classname="Pages.EditOrder_In_TFK" name="ValidData_WithInsert_Zero_In_OrderShipping" time="26.904"/>
  <system-out/>
  <testcase classname="Pages.EditOrder_In_TFK" name="CheckThat_OrderID_Disabled" time="15.687"/>
  <system-out/>
  <testcase classname="Pages.EditOrder_In_TFK" name="ValidData_WithInsert_NegativeNumber_In_OrderCommission" time="16.143"/>
  <system-out/>
  <testcase classname="Pages.EditOrder_In_TFK" name="ValidData_WithInsert_Zero_In_OrderTax" time="23.523"/>
  <system-out/>
  <testcase classname="Pages.EditOrder_In_TFK" name="ValidData_WithInsert_NegativeNumber_In_OrderTotal" time="13.039"/>
  <system-out/>
  <testcase classname="Pages.EditOrder_In_TFK" name="ValidData_Without_insertDataIN_OrderTax" time="17.158"/>
  <system-out/>
  <testcase classname="Pages.EditOrder_In_TFK" name="ValidData_WithInsert_Zero_In_OrderNet" time="26.420"/>
  <system-out/>
</testsuite> <!-- Pages.EditOrder_In_TFK -->
