<?xml version="1.0" encoding="UTF-8"?>
<!-- Generated by org.testng.reporters.JUnitReportReporter -->
<testsuite hostname="NahirJamal" failures="0" tests="10" name="Pages.Cookies" time="168.093" errors="0" timestamp="2022-05-24T13:27:07 EET" skipped="0">
  <testcase classname="Pages.Cookies" name="Cookies_melouk" time="12.218"/>
  <system-out/>
  <testcase classname="Pages.Cookies" name="Cookies_footcourt" time="13.927"/>
  <system-out/>
  <testcase classname="Pages.Cookies" name="Cookies_olife" time="16.724"/>
  <system-out/>
  <testcase classname="Pages.Cookies" name="Cookies_msou" time="15.796"/>
  <system-out/>
  <testcase classname="Pages.Cookies" name="Cookies_Entertainer" time="15.605"/>
  <system-out/>
  <testcase classname="Pages.Cookies" name="Cookies_Carina" time="12.073"/>
  <system-out/>
  <testcase classname="Pages.Cookies" name="Cookies_Auditechnology" time="13.224"/>
  <system-out/>
  <testcase classname="Pages.Cookies" name="Cookies_alsharifbeaute" time="15.263"/>
  <system-out/>
  <testcase classname="Pages.Cookies" name="Cookies_magmasport" time="20.430"/>
  <system-out/>
  <testcase classname="Pages.Cookies" name="Cookies_cdejewelry" time="32.833"/>
  <system-out/>
</testsuite> <!-- Pages.Cookies -->
