<?xml version="1.0" encoding="UTF-8"?>
<!-- Generated by org.testng.reporters.JUnitReportReporter -->
<testsuite hostname="NahirJamal" failures="0" tests="10" name="Pages.Invoices" time="92.061" errors="0" timestamp="2022-05-24T13:27:07 EET" skipped="0">
  <testcase classname="Pages.Invoices" name="Pay_InvoiceWith_correctData_Buinsert_spacesInField_FirstName" time="10.479"/>
  <system-out/>
  <testcase classname="Pages.Invoices" name="Pay_InvoiceWith_correctData_Buinsert_SpacesInField_LastName" time="9.718"/>
  <system-out/>
  <testcase classname="Pages.Invoices" name="Download_Invoice" time="7.264"/>
  <system-out/>
  <testcase classname="Pages.Invoices" name="Invoice_Details" time="7.075"/>
  <system-out/>
  <testcase classname="Pages.Invoices" name="Pay_InvoiceWith_correctData_Buinsert_WrongFormat_inFieldEmail" time="8.990"/>
  <system-out/>
  <testcase classname="Pages.Invoices" name="Pay_InvoiceWith_correctData_Buinsert_LettersAndSymbols_InField_Phone" time="9.341"/>
  <system-out/>
  <testcase classname="Pages.Invoices" name="Pay_InvoiceWith_correctData_Buinsert_SymbolsAndNumbersInField_FirstName" time="7.827"/>
  <system-out/>
  <testcase classname="Pages.Invoices" name="Pay_InvoiceWith_correctData_Buinsert_Wronglimitation_InField_Phone" time="8.293"/>
  <system-out/>
  <testcase classname="Pages.Invoices" name="Pay_InvoiceWith_correctData_AndChoose_CreditCard" time="15.171"/>
  <system-out/>
  <testcase classname="Pages.Invoices" name="Pay_InvoiceWith_correctData_Buinsert_SymbolsAndNumbersInField_LastName" time="7.903"/>
  <system-out/>
</testsuite> <!-- Pages.Invoices -->
