<?xml version="1.0" encoding="UTF-8"?>
<!-- Generated by org.testng.reporters.JUnitReportReporter -->
<testsuite hostname="NahirJamal" failures="0" tests="3" name="Pages.Exportand_Import_Excel" time="26.091" errors="0" timestamp="2022-05-24T13:27:07 EET" skipped="0">
  <testcase classname="Pages.Exportand_Import_Excel" name="ExportExcel_And_BulkUpdate" time="9.931"/>
  <system-out/>
  <testcase classname="Pages.Exportand_Import_Excel" name="Click_UploadFile_Without_chooseFile" time="6.805"/>
  <system-out/>
  <testcase classname="Pages.Exportand_Import_Excel" name="Upload_wrong_file_type" time="9.355"/>
  <system-out/>
</testsuite> <!-- Pages.Exportand_Import_Excel -->
