<?xml version="1.0" encoding="UTF-8"?>
<!-- Generated by org.testng.reporters.JUnitReportReporter -->
<testsuite hostname="NahirJamal" failures="0" tests="4" name="Pages.Login" time="39.822" errors="0" timestamp="2022-05-24T13:27:07 EET" skipped="0">
  <testcase classname="Pages.Login" name="Login_Valid_Data" time="9.584"/>
  <system-out/>
  <testcase classname="Pages.Login" name="Login_All_fields_empty" time="7.243"/>
  <system-out/>
  <testcase classname="Pages.Login" name="Login_Correct_username_AndWrong_password" time="6.323"/>
  <system-out/>
  <testcase classname="Pages.Login" name="Login_Wrong_username_Correct_password" time="16.672"/>
  <system-out/>
</testsuite> <!-- Pages.Login -->
