<?xml version="1.0" encoding="UTF-8"?>
<!-- Generated by org.testng.reporters.JUnitReportReporter -->
<testsuite hostname="NahirJamal" failures="0" tests="17" name="Pages.SignUP" time="153.335" errors="0" timestamp="2022-05-24T13:27:07 EET" skipped="0">
  <testcase classname="Pages.SignUP" name="SignUP_CorrectData_Butinsert_NumbersandSymbols_in_name" time="9.886"/>
  <system-out/>
  <testcase classname="Pages.SignUP" name="SignUP_ValidData_WithInsert_any_data_In_Description" time="6.039"/>
  <system-out/>
  <testcase classname="Pages.SignUP" name="SignUP_CorrectData_Butinsert_value_less_than_minimum_limitation_in_phone" time="7.599"/>
  <system-out/>
  <testcase classname="Pages.SignUP" name="SignUP_CorrectData_Butinsert_Wrong_Format_in_Mail" time="9.897"/>
  <system-out/>
  <testcase classname="Pages.SignUP" name="SignUP_All_fields_empty" time="8.501"/>
  <system-out/>
  <testcase classname="Pages.SignUP" name="SignUP_CorrectData_Butinsert_value_Greater_than_maximum_limitation_in_password" time="8.800"/>
  <system-out/>
  <testcase classname="Pages.SignUP" name="SignUP_CorrectData_Butinsert_value_less_than_minimum_limitation_in_password" time="8.903"/>
  <system-out/>
  <testcase classname="Pages.SignUP" name="SignUP_CorrectData_Butinsert_spaces_only_in_name" time="12.303"/>
  <system-out/>
  <testcase classname="Pages.SignUP" name="SignUP_ValidData" time="13.025"/>
  <system-out/>
  <testcase classname="Pages.SignUP" name="SignUP_CorrectData_Butinsert_value_Greater_than_maximum_limitation_in_phone" time="5.136"/>
  <system-out/>
  <testcase classname="Pages.SignUP" name="SignUP_CorrectData_Butinsert_differentValuesin_password_and_confirmpassword" time="7.676"/>
  <system-out/>
  <testcase classname="Pages.SignUP" name="SignUP_CorrectData_Butinsert_email_exist_before_in_Mail" time="12.072"/>
  <system-out/>
  <testcase classname="Pages.SignUP" name="SignUP_CorrectData_Butinsert_lettersandsymbols_in_phone" time="6.508"/>
  <system-out/>
  <testcase classname="Pages.SignUP" name="SignUP_Check_System_TerminateSpacesFrom_Mail" time="12.402"/>
  <system-out/>
  <testcase classname="Pages.SignUP" name="BackButton" time="4.279"/>
  <system-out/>
  <testcase classname="Pages.SignUP" name="SignUP_CorrectData_Butinsert_Wrong_Format_in_URL" time="10.916"/>
  <system-out/>
  <testcase classname="Pages.SignUP" name="SignUP_CorrectData_Butinsert_numberWhichExistBefore_in_phone" time="9.393"/>
  <system-out/>
</testsuite> <!-- Pages.SignUP -->
